Change Component Footprint: Designator=C10 Old Footprint=WCAP-ATG8_D5H11 New Footprint=WCAP-ATG8_D5H11
Change Component Footprint: Designator=C2 Old Footprint=WCAP-FTX2_L18W6H12_CS New Footprint=WCAP-FTX2_L18W6H12_CS
Added Component: Designator=L1(CMC 10mH)
Add component (AddParameter): Name = "Add into BOM"; Value = "yes"; VariantName = "[No Variations]"
Add component (AddParameter): Name = "Convert to PCB"; Value = "yes"; VariantName = "[No Variations]"
Add component (AddParameter): Name = "Current Rating"; Value = "-"; VariantName = "[No Variations]"
Add component (AddParameter): Name = "Datasheet"; Value = "https://atta.szlcsc.com/upload/public/pdf/source/20210713/C148474_656501625637B4BA0D3972AB204D3908.pdf"; VariantName = "[No Variations]"
Add component (AddParameter): Name = "DC Resistance (DCR)"; Value = "800mO"; VariantName = "[No Variations]"
Add component (AddParameter): Name = "Device"; Value = "UU9.8-10mH"; VariantName = "[No Variations]"
Add component (AddParameter): Name = "Impedance @ Frequency"; Value = "-"; VariantName = "[No Variations]"
Add component (AddParameter): Name = "Inductance @ Frequency"; Value = "10mH@1kHz"; VariantName = "[No Variations]"
Add component (AddParameter): Name = "JLCPCB Part Class"; Value = "Extended Part"; VariantName = "[No Variations]"
Add component (AddParameter): Name = "LCSC Part Name"; Value = "?? ???????"; VariantName = "[No Variations]"
Add component (AddParameter): Name = "Manufacturer"; Value = "FH(??)"; VariantName = "[No Variations]"
Add component (AddParameter): Name = "Manufacturer Part"; Value = "UU9.8-10mH"; VariantName = "[No Variations]"
Add component (AddParameter): Name = "Name"; Value = ""; VariantName = "[No Variations]"
Add component (AddParameter): Name = "Number of Lines"; Value = "2"; VariantName = "[No Variations]"
Add component (AddParameter): Name = "Operating Temperature"; Value = "-"; VariantName = "[No Variations]"
Add component (AddParameter): Name = "Supplier"; Value = "LCSC"; VariantName = "[No Variations]"
Add component (AddParameter): Name = "Supplier Footprint"; Value = "??"; VariantName = "[No Variations]"
Add component (AddParameter): Name = "Supplier Part"; Value = "C148474"; VariantName = "[No Variations]"
Add component (AddParameter): Name = "Symbol"; Value = "UU9.8-10MH"; VariantName = "[No Variations]"
Add component (AddParameter): Name = "Voltage Rating"; Value = "-"; VariantName = "[No Variations]"
Add component (AddParameter): Name = "Voltage Rating - DC"; Value = "-"; VariantName = "[No Variations]"
Add component (AddParameter): Name = "Withstanding Voltage"; Value = "1kV"; VariantName = "[No Variations]"
Added Component: Designator=R2(varistor)
Add component (AddParameter): Name = "Add into BOM"; Value = "yes"; VariantName = "[No Variations]"
Add component (AddParameter): Name = "Allowable Voltage (AC)"; Value = ""; VariantName = "[No Variations]"
Add component (AddParameter): Name = "Allowable Voltage (DC)"; Value = ""; VariantName = "[No Variations]"
Add component (AddParameter): Name = "Clamping Voltage"; Value = ""; VariantName = "[No Variations]"
Add component (AddParameter): Name = "Convert to PCB"; Value = "yes"; VariantName = "[No Variations]"
Add component (AddParameter): Name = "Datasheet"; Value = "https://atta.szlcsc.com/upload/public/pdf/source/20180619/C233186_9A7AF57C0A178A4DEED9AC3F9621CA64.pdf"; VariantName = "[No Variations]"
Add component (AddParameter): Name = "Device"; Value = "10D561K_C233178"; VariantName = "[No Variations]"
Add component (AddParameter): Name = "JLCPCB Part Class"; Value = "Extended Part"; VariantName = "[No Variations]"
Add component (AddParameter): Name = "LCSC Part Name"; Value = "????920V 42.3?? ??????"; VariantName = "[No Variations]"
Add component (AddParameter): Name = "Manufacturer"; Value = "RUILON(???)"; VariantName = "[No Variations]"
Add component (AddParameter): Name = "Manufacturer Part"; Value = "10D561K"; VariantName = "[No Variations]"
Add component (AddParameter): Name = "Maximum Energy"; Value = "42.3J"; VariantName = "[No Variations]"
Add component (AddParameter): Name = "Name"; Value = ""; VariantName = "[No Variations]"
Add component (AddParameter): Name = "Peak Current"; Value = ""; VariantName = "[No Variations]"
Add component (AddParameter): Name = "Supplier"; Value = "LCSC"; VariantName = "[No Variations]"
Add component (AddParameter): Name = "Supplier Footprint"; Value = "??"; VariantName = "[No Variations]"
Add component (AddParameter): Name = "Supplier Part"; Value = "C233178"; VariantName = "[No Variations]"
Add component (AddParameter): Name = "Symbol"; Value = "10D561K_C233178"; VariantName = "[No Variations]"
Add component (AddParameter): Name = "Typical Capatitance"; Value = "180pF@1kHz"; VariantName = "[No Variations]"
Add component (AddParameter): Name = "Value"; Value = "Shenzhen"; VariantName = "[No Variations]"
Add component (AddParameter): Name = "Varistor Voltage"; Value = "504V~616V"; VariantName = "[No Variations]"
Added Component: Designator=R4(CF1/4W-2.2K)
Add component (AddParameter): Name = "Add into BOM"; Value = "yes"; VariantName = "[No Variations]"
Add component (AddParameter): Name = "Convert to PCB"; Value = "yes"; VariantName = "[No Variations]"
Add component (AddParameter): Name = "Datasheet"; Value = "https://atta.szlcsc.com/upload/public/pdf/source/20190910/C427328_A0A2D65F3FD547937F4E674C90868175.pdf"; VariantName = "[No Variations]"
Add component (AddParameter): Name = "Device"; Value = "CF1/4W-2.2KO±5% T"; VariantName = "[No Variations]"
Add component (AddParameter): Name = "JLCPCB Part Class"; Value = "Extended Part"; VariantName = "[No Variations]"
Add component (AddParameter): Name = "LCSC Part Name"; Value = "2.2kO ±5% 250mW ????"; VariantName = "[No Variations]"
Add component (AddParameter): Name = "Manufacturer"; Value = "CCO(????)"; VariantName = "[No Variations]"
Add component (AddParameter): Name = "Manufacturer Part"; Value = "CF1/4W-2.2KO±5% T"; VariantName = "[No Variations]"
Add component (AddParameter): Name = "Name"; Value = ""; VariantName = "[No Variations]"
Add component (AddParameter): Name = "Operating Temperature Range"; Value = "-55?~+155?"; VariantName = "[No Variations]"
Add component (AddParameter): Name = "Overload Voltage (Max)"; Value = "250V"; VariantName = "[No Variations]"
Add component (AddParameter): Name = "Power(Watts)"; Value = "250mW"; VariantName = "[No Variations]"
Add component (AddParameter): Name = "Supplier"; Value = "LCSC"; VariantName = "[No Variations]"
Add component (AddParameter): Name = "Supplier Footprint"; Value = "??,D2.3xL6.5mm"; VariantName = "[No Variations]"
Add component (AddParameter): Name = "Supplier Part"; Value = "C120063"; VariantName = "[No Variations]"
Add component (AddParameter): Name = "Symbol"; Value = "CF1/4W-2.2KO±5% T52"; VariantName = "[No Variations]"
Add component (AddParameter): Name = "Temperature Coefficient"; Value = "±350ppm/?"; VariantName = "[No Variations]"
Add component (AddParameter): Name = "Tolerance"; Value = "±5%"; VariantName = "[No Variations]"
Add component (AddParameter): Name = "Type"; Value = "Carbon Resister"; VariantName = "[No Variations]"
Add component (AddParameter): Name = "Value"; Value = "2.2kO"; VariantName = "[No Variations]"
Added Component: Designator=R5(CF1/4W-2.2K)
Add component (AddParameter): Name = "Add into BOM"; Value = "yes"; VariantName = "[No Variations]"
Add component (AddParameter): Name = "Convert to PCB"; Value = "yes"; VariantName = "[No Variations]"
Add component (AddParameter): Name = "Datasheet"; Value = "https://atta.szlcsc.com/upload/public/pdf/source/20190910/C427328_A0A2D65F3FD547937F4E674C90868175.pdf"; VariantName = "[No Variations]"
Add component (AddParameter): Name = "Device"; Value = "CF1/4W-2.2KO±5% T"; VariantName = "[No Variations]"
Add component (AddParameter): Name = "JLCPCB Part Class"; Value = "Extended Part"; VariantName = "[No Variations]"
Add component (AddParameter): Name = "LCSC Part Name"; Value = "2.2kO ±5% 250mW ????"; VariantName = "[No Variations]"
Add component (AddParameter): Name = "Manufacturer"; Value = "CCO(????)"; VariantName = "[No Variations]"
Add component (AddParameter): Name = "Manufacturer Part"; Value = "CF1/4W-2.2KO±5% T"; VariantName = "[No Variations]"
Add component (AddParameter): Name = "Name"; Value = ""; VariantName = "[No Variations]"
Add component (AddParameter): Name = "Operating Temperature Range"; Value = "-55?~+155?"; VariantName = "[No Variations]"
Add component (AddParameter): Name = "Overload Voltage (Max)"; Value = "250V"; VariantName = "[No Variations]"
Add component (AddParameter): Name = "Power(Watts)"; Value = "250mW"; VariantName = "[No Variations]"
Add component (AddParameter): Name = "Supplier"; Value = "LCSC"; VariantName = "[No Variations]"
Add component (AddParameter): Name = "Supplier Footprint"; Value = "??,D2.3xL6.5mm"; VariantName = "[No Variations]"
Add component (AddParameter): Name = "Supplier Part"; Value = "C120063"; VariantName = "[No Variations]"
Add component (AddParameter): Name = "Symbol"; Value = "CF1/4W-2.2KO±5% T52"; VariantName = "[No Variations]"
Add component (AddParameter): Name = "Temperature Coefficient"; Value = "±350ppm/?"; VariantName = "[No Variations]"
Add component (AddParameter): Name = "Tolerance"; Value = "±5%"; VariantName = "[No Variations]"
Add component (AddParameter): Name = "Type"; Value = "Carbon Resister"; VariantName = "[No Variations]"
Add component (AddParameter): Name = "Value"; Value = "2.2kO"; VariantName = "[No Variations]"
Added Component: Designator=R6(CF1/4W-2.2K)
Add component (AddParameter): Name = "Add into BOM"; Value = "yes"; VariantName = "[No Variations]"
Add component (AddParameter): Name = "Convert to PCB"; Value = "yes"; VariantName = "[No Variations]"
Add component (AddParameter): Name = "Datasheet"; Value = "https://atta.szlcsc.com/upload/public/pdf/source/20190910/C427328_A0A2D65F3FD547937F4E674C90868175.pdf"; VariantName = "[No Variations]"
Add component (AddParameter): Name = "Device"; Value = "CF1/4W-2.2KO±5% T"; VariantName = "[No Variations]"
Add component (AddParameter): Name = "JLCPCB Part Class"; Value = "Extended Part"; VariantName = "[No Variations]"
Add component (AddParameter): Name = "LCSC Part Name"; Value = "2.2kO ±5% 250mW ????"; VariantName = "[No Variations]"
Add component (AddParameter): Name = "Manufacturer"; Value = "CCO(????)"; VariantName = "[No Variations]"
Add component (AddParameter): Name = "Manufacturer Part"; Value = "CF1/4W-2.2KO±5% T"; VariantName = "[No Variations]"
Add component (AddParameter): Name = "Name"; Value = ""; VariantName = "[No Variations]"
Add component (AddParameter): Name = "Operating Temperature Range"; Value = "-55?~+155?"; VariantName = "[No Variations]"
Add component (AddParameter): Name = "Overload Voltage (Max)"; Value = "250V"; VariantName = "[No Variations]"
Add component (AddParameter): Name = "Power(Watts)"; Value = "250mW"; VariantName = "[No Variations]"
Add component (AddParameter): Name = "Supplier"; Value = "LCSC"; VariantName = "[No Variations]"
Add component (AddParameter): Name = "Supplier Footprint"; Value = "??,D2.3xL6.5mm"; VariantName = "[No Variations]"
Add component (AddParameter): Name = "Supplier Part"; Value = "C120063"; VariantName = "[No Variations]"
Add component (AddParameter): Name = "Symbol"; Value = "CF1/4W-2.2KO±5% T52"; VariantName = "[No Variations]"
Add component (AddParameter): Name = "Temperature Coefficient"; Value = "±350ppm/?"; VariantName = "[No Variations]"
Add component (AddParameter): Name = "Tolerance"; Value = "±5%"; VariantName = "[No Variations]"
Add component (AddParameter): Name = "Type"; Value = "Carbon Resister"; VariantName = "[No Variations]"
Add component (AddParameter): Name = "Value"; Value = "2.2kO"; VariantName = "[No Variations]"
Added Component: Designator=R7(CF1/4W-2.2K)
Add component (AddParameter): Name = "Add into BOM"; Value = "yes"; VariantName = "[No Variations]"
Add component (AddParameter): Name = "Convert to PCB"; Value = "yes"; VariantName = "[No Variations]"
Add component (AddParameter): Name = "Datasheet"; Value = "https://atta.szlcsc.com/upload/public/pdf/source/20190910/C427328_A0A2D65F3FD547937F4E674C90868175.pdf"; VariantName = "[No Variations]"
Add component (AddParameter): Name = "Device"; Value = "CF1/4W-2.2KO±5% T"; VariantName = "[No Variations]"
Add component (AddParameter): Name = "JLCPCB Part Class"; Value = "Extended Part"; VariantName = "[No Variations]"
Add component (AddParameter): Name = "LCSC Part Name"; Value = "2.2kO ±5% 250mW ????"; VariantName = "[No Variations]"
Add component (AddParameter): Name = "Manufacturer"; Value = "CCO(????)"; VariantName = "[No Variations]"
Add component (AddParameter): Name = "Manufacturer Part"; Value = "CF1/4W-2.2KO±5% T"; VariantName = "[No Variations]"
Add component (AddParameter): Name = "Name"; Value = ""; VariantName = "[No Variations]"
Add component (AddParameter): Name = "Operating Temperature Range"; Value = "-55?~+155?"; VariantName = "[No Variations]"
Add component (AddParameter): Name = "Overload Voltage (Max)"; Value = "250V"; VariantName = "[No Variations]"
Add component (AddParameter): Name = "Power(Watts)"; Value = "250mW"; VariantName = "[No Variations]"
Add component (AddParameter): Name = "Supplier"; Value = "LCSC"; VariantName = "[No Variations]"
Add component (AddParameter): Name = "Supplier Footprint"; Value = "??,D2.3xL6.5mm"; VariantName = "[No Variations]"
Add component (AddParameter): Name = "Supplier Part"; Value = "C120063"; VariantName = "[No Variations]"
Add component (AddParameter): Name = "Symbol"; Value = "CF1/4W-2.2KO±5% T52"; VariantName = "[No Variations]"
Add component (AddParameter): Name = "Temperature Coefficient"; Value = "±350ppm/?"; VariantName = "[No Variations]"
Add component (AddParameter): Name = "Tolerance"; Value = "±5%"; VariantName = "[No Variations]"
Add component (AddParameter): Name = "Type"; Value = "Carbon Resister"; VariantName = "[No Variations]"
Add component (AddParameter): Name = "Value"; Value = "2.2kO"; VariantName = "[No Variations]"
Added Component: Designator=R8(CF1/4W-2.2K)
Add component (AddParameter): Name = "Add into BOM"; Value = "yes"; VariantName = "[No Variations]"
Add component (AddParameter): Name = "Convert to PCB"; Value = "yes"; VariantName = "[No Variations]"
Add component (AddParameter): Name = "Datasheet"; Value = "https://atta.szlcsc.com/upload/public/pdf/source/20190910/C427328_A0A2D65F3FD547937F4E674C90868175.pdf"; VariantName = "[No Variations]"
Add component (AddParameter): Name = "Device"; Value = "CF1/4W-2.2KO±5% T"; VariantName = "[No Variations]"
Add component (AddParameter): Name = "JLCPCB Part Class"; Value = "Extended Part"; VariantName = "[No Variations]"
Add component (AddParameter): Name = "LCSC Part Name"; Value = "2.2kO ±5% 250mW ????"; VariantName = "[No Variations]"
Add component (AddParameter): Name = "Manufacturer"; Value = "CCO(????)"; VariantName = "[No Variations]"
Add component (AddParameter): Name = "Manufacturer Part"; Value = "CF1/4W-2.2KO±5% T"; VariantName = "[No Variations]"
Add component (AddParameter): Name = "Name"; Value = ""; VariantName = "[No Variations]"
Add component (AddParameter): Name = "Operating Temperature Range"; Value = "-55?~+155?"; VariantName = "[No Variations]"
Add component (AddParameter): Name = "Overload Voltage (Max)"; Value = "250V"; VariantName = "[No Variations]"
Add component (AddParameter): Name = "Power(Watts)"; Value = "250mW"; VariantName = "[No Variations]"
Add component (AddParameter): Name = "Supplier"; Value = "LCSC"; VariantName = "[No Variations]"
Add component (AddParameter): Name = "Supplier Footprint"; Value = "??,D2.3xL6.5mm"; VariantName = "[No Variations]"
Add component (AddParameter): Name = "Supplier Part"; Value = "C120063"; VariantName = "[No Variations]"
Add component (AddParameter): Name = "Symbol"; Value = "CF1/4W-2.2KO±5% T52"; VariantName = "[No Variations]"
Add component (AddParameter): Name = "Temperature Coefficient"; Value = "±350ppm/?"; VariantName = "[No Variations]"
Add component (AddParameter): Name = "Tolerance"; Value = "±5%"; VariantName = "[No Variations]"
Add component (AddParameter): Name = "Type"; Value = "Carbon Resister"; VariantName = "[No Variations]"
Add component (AddParameter): Name = "Value"; Value = "2.2kO"; VariantName = "[No Variations]"
Added Pin To Net: NetName=NetL1_1 Pin=L1-1
Added Pin To Net: NetName=NetBR1_3 Pin=L1-2
Added Pin To Net: NetName=NetBR1_4 Pin=L1-3
Added Pin To Net: NetName=NetC2_2 Pin=L1-4
Added Pin To Net: NetName=NetC2_2 Pin=R2-1
Added Pin To Net: NetName=NetC2_1 Pin=R2-2
Added Pin To Net: NetName=NetQ1_1 Pin=R4-1
Added Pin To Net: NetName=+12V1 Pin=R4-2
Added Pin To Net: NetName=NetR5_1 Pin=R5-1
Added Pin To Net: NetName=+12V2 Pin=R5-2
Added Pin To Net: NetName=NetD3_2 Pin=R6-1
Added Pin To Net: NetName=+12V2 Pin=R6-2
Added Pin To Net: NetName=NetC10_1 Pin=R7-1
Added Pin To Net: NetName=NetQ1_1 Pin=R7-2
Added Pin To Net: NetName=NetC10_2 Pin=R8-1
Added Pin To Net: NetName=NetR5_1 Pin=R8-2
Added Member To Class: ClassName=AC to DC(12V) Member=Component L1 UU9.8-10mH
Added Member To Class: ClassName=AC to DC(12V) Member=Component R2 10D561K_C233178
Added Member To Class: ClassName=AC to DC(12V) Member=Component R4 2.2KO
Added Member To Class: ClassName=AC to DC(12V) Member=Component R5 18KO
Added Member To Class: ClassName=AC to DC(12V) Member=Component R6 CF1/4W-1.5KO
Added Member To Class: ClassName=AC to DC(12V) Member=Component R7 4.7KO
Added Member To Class: ClassName=AC to DC(12V) Member=Component R8 3.9KO
